<?xml version="1.0" encoding="UTF-8"?>
<testng-results total="1" passed="1" failed="0" skipped="0">
  <reporter-output>
  </reporter-output>
  <suite started-at="2023-01-15T04:23:53Z" name="internetBankingV1" finished-at="2023-01-15T04:24:30Z" duration-ms="37805">
    <groups>
    </groups>
    <test started-at="2023-01-15T04:23:53Z" name="BankingApp Test" finished-at="2023-01-15T04:24:30Z" duration-ms="37805">
      <class name="com.internetBanking.testCases.TC_AddcustomerTest_003">
        <test-method is-config="true" signature="setUp(java.lang.String)[pri:0, instance:com.internetBanking.testCases.TC_AddcustomerTest_003@645aa696]" started-at="2023-01-15T09:53:53Z" name="setUp" finished-at="2023-01-15T09:54:09Z" duration-ms="16655" status="PASS">
          <params>
            <param index="0">
              <value>
                <![CDATA[chrome]]>
              </value>
            </param>
          </params>
          <reporter-output>
          </reporter-output>
        </test-method> <!-- setUp -->
        <test-method signature="addnewcustomer()[pri:0, instance:com.internetBanking.testCases.TC_AddcustomerTest_003@645aa696]" started-at="2023-01-15T09:54:09Z" name="addnewcustomer" finished-at="2023-01-15T09:54:29Z" duration-ms="19944" status="PASS">
          <reporter-output>
          </reporter-output>
        </test-method> <!-- addnewcustomer -->
        <test-method is-config="true" signature="tearDown()[pri:0, instance:com.internetBanking.testCases.TC_AddcustomerTest_003@645aa696]" started-at="2023-01-15T09:54:29Z" name="tearDown" finished-at="2023-01-15T09:54:30Z" duration-ms="1114" status="PASS">
          <reporter-output>
          </reporter-output>
        </test-method> <!-- tearDown -->
      </class> <!-- com.internetBanking.testCases.TC_AddcustomerTest_003 -->
    </test> <!-- BankingApp Test -->
  </suite> <!-- internetBankingV1 -->
</testng-results>
