<?xml version="1.0" encoding="UTF-8"?>
<testng-results total="1" passed="1" failed="0" skipped="0">
  <reporter-output>
  </reporter-output>
  <suite started-at="2023-01-12T09:37:52Z" name="internetBankingV1" finished-at="2023-01-12T09:38:26Z" duration-ms="34395">
    <groups>
    </groups>
    <test started-at="2023-01-12T09:37:52Z" name="BankingApp Test" finished-at="2023-01-12T09:38:26Z" duration-ms="34395">
      <class name="com.internetBanking.testCases.TC_AddcustomerTest_003">
        <test-method is-config="true" signature="setUp(java.lang.String)[pri:0, instance:com.internetBanking.testCases.TC_AddcustomerTest_003@6f204a1a]" started-at="2023-01-12T15:07:52Z" name="setUp" finished-at="2023-01-12T15:08:11Z" duration-ms="19382" status="PASS">
          <params>
            <param index="0">
              <value>
                <![CDATA[chrome]]>
              </value>
            </param>
          </params>
          <reporter-output>
          </reporter-output>
        </test-method> <!-- setUp -->
        <test-method signature="addnewcustomer()[pri:0, instance:com.internetBanking.testCases.TC_AddcustomerTest_003@6f204a1a]" started-at="2023-01-12T15:08:11Z" name="addnewcustomer" finished-at="2023-01-12T15:08:24Z" duration-ms="13422" status="PASS">
          <reporter-output>
          </reporter-output>
        </test-method> <!-- addnewcustomer -->
        <test-method is-config="true" signature="tearDown()[pri:0, instance:com.internetBanking.testCases.TC_AddcustomerTest_003@6f204a1a]" started-at="2023-01-12T15:08:24Z" name="tearDown" finished-at="2023-01-12T15:08:26Z" duration-ms="1556" status="PASS">
          <reporter-output>
          </reporter-output>
        </test-method> <!-- tearDown -->
      </class> <!-- com.internetBanking.testCases.TC_AddcustomerTest_003 -->
    </test> <!-- BankingApp Test -->
  </suite> <!-- internetBankingV1 -->
</testng-results>
